<?xml version="1.0" encoding="UTF-8"?>
<!-- Generated by org.testng.reporters.JUnitXMLReporter -->
<testsuite ignored="0" hostname="SMRUTIVIREN" failures="0" tests="1" name="Default test(failed)" time="0.079" errors="0" timestamp="2022-03-10T16:04:35 EST">
  <testcase classname="testLayer.LoginTest" name="@BeforeMethod initsetup" time="0.009">
    <failure type="java.lang.NullPointerException" message="Cannot invoke &amp;quot;String.equals(Object)&amp;quot; because &amp;quot;browsername&amp;quot; is null">
      <![CDATA[java.lang.NullPointerException: Cannot invoke "String.equals(Object)" because "browsername" is null
at basepackage.BaseMPMclass.initiate(BaseMPMclass.java:40)
at testLayer.LoginTest.initsetup(LoginTest.java:23)
at java.base/java.util.ArrayList.forEach(ArrayList.java:1511)
... Removed 31 stack frames]]>
    </failure>
  </testcase> <!-- @BeforeMethod initsetup -->
  <testcase classname="testLayer.LoginTest" name="@AfterMethod close" time="-1.646946274965E9">
    <skipped/>
  </testcase> <!-- @AfterMethod close -->
  <testcase classname="testLayer.LoginTest" name="Title" time="0.0">
    <skipped/>
  </testcase> <!-- Title -->
</testsuite> <!-- Default test(failed) -->
